<?xml version="1.0" encoding="UTF-8"?>
<testsuite xmlns:xsi="http://www.w3.org/2001/XMLSchema-instance" xsi:noNamespaceSchemaLocation="https://maven.apache.org/surefire/maven-surefire-plugin/xsd/surefire-test-report.xsd" name="uta.cse3310.MainTest" time="0.405" tests="1" errors="1" skipped="0" failures="0">
  <properties>
[...]
</properties>
  <testcase name="testOnCloseRemovesPlayerFromPlayerList" classname="uta.cse3310.MainTest" time="0.404">
    <error message="code" type="java.lang.NoSuchFieldError">java.lang.NoSuchFieldError: code
	at uta.cse3310.Main.onMessage(Main.java:102)
	at uta.cse3310.MainTest.testOnCloseRemovesPlayerFromPlayerList(MainTest.java:32)
</error>
    <system-out><![CDATA[0.6
---------- Word Grid ---------
u l e a v e v u t t d d b u u x n g j l m z r m z y m k n k 
q k k t p t f m d c c e x e t e a n p o z o i c z a t l c t 
n q g n t i o e t e a e s c a h s i l j n l d c f l h o r n 
o r r i n l h l c d n p p e y n d n j i s o z v p p l e o h 
j m n a e f l s p i e r m s r z a n m g n i t n e s e r p s 
h d l t f l i o p b o l u i e t q u a o j o h v l o i v e b 
i l t b o t x j p l b v o t z r s r r b j g n i m i t p l b 
y d g o h f p h i o m d e r a l c e d i p i p a f m y a u m 
u g e e v y r e z c o h a k s m p d c b g s c r b t m i y g 
a u y c l w o i d k c m t n o i t a l l a t s n i e l q l r 
e f t e r s x j z i o m k f e a r o m g k g p x v d l f r w 
g c f y i o y x g n c e p r s p o n m d e l u d e h c s e g 
p a i z j x f f g g h e c f e d n c a r e e t r t n a s m j 
s e f t w e r d n a o e d t y l o f j e w g a g o i e t e o 
u h e b c g c g j d m u s c l e b o e f b f c i l r e o d u 
b s a j e a p i h s d n e i r f l l g o m b t h u l c o y n 
s e e k x n r i d e r e d r o s i d a r r n i t h c n d i d 
n u v j e m d p w s j h s w i t g e s m e e c r a s e v s e 
e r d e d n e m m o c e r n r y a r s t b e s t a l d i r r 
y d e d r e c v a g o i g e b c t h e q l m s e k c n f i g 
b s i f e a d j j y d i s b n h i r m w k r c l r g e i i r 
v l v u s n g n j e n e u f l t o l d j v o t r d v p x g o 
v k g a g n l e a g d h k g r d n r t y m f f a s o e n q u 
y p h c c r a y c h c o m m i t k o o m x i b l q s d g j n 
e z g n i h c r a e s m l d a u q s o i l n w u j e n l o d 
g e z b s y e t t e t i v g v i u n c f r u f p r l i k y n 
b s s y l l a u q e a r n s s e n i s u b p t o k p n e w o 
m z z g n n d z p r p i u d n u o r g k c a b p n a e o c q 
m f v x f f s e s y w h b h r o t d h s l h z x l n r f d t 
s u q b a e s w w s l w x m t q h l r a m m z b w g s w p o 
deralced: (11, 7) , (18, 7) 
leave: (1, 0) , (5, 0) 
deredro: (8, 16) , (14, 16) 
ssenisub: (13, 26) , (20, 26) 
gnitneserp: (19, 4) , (28, 4) 
gnihcraes: (2, 24) , (10, 24) 
dauqs: (13, 24) , (17, 24) 
dednemmocer: (2, 18) , (12, 18) 
noitallatsni: (13, 9) , (24, 9) 
commit: (10, 23) , (15, 23) 
dnuorgkcab: (13, 27) , (22, 27) 
gnimit: (21, 6) , (26, 6) 
deludehcs: (19, 11) , (27, 11) 
yllauqe: (3, 26) , (9, 26) 
werdna: (4, 13) , (9, 13) 
pihsdneirf: (6, 15) , (15, 15) 
muscle: (10, 14) , (15, 14) 
yalp: (25, 0) , (25, 3) 
ecnednepedni: (26, 14) , (26, 25) 
stood: (27, 12) , (27, 16) 
ralupop: (23, 21) , (23, 27) 
locking: (9, 6) , (9, 12) 
egassem: (18, 14) , (18, 20) 
obligation: (16, 13) , (16, 22) 
remedy: (28, 10) , (28, 15) 
gninnur: (17, 0) , (17, 6) 
underground: (29, 14) , (29, 24) 
folder: (17, 13) , (17, 18) 
ytfif: (2, 9) , (2, 13) 
mrofinu: (21, 19) , (21, 25) 
nasdaq: (16, 0) , (16, 5) 
obmoc: (10, 5) , (10, 9) 
proxy: (6, 7) , (6, 11) 
reform: (19, 12) , (19, 17) 
selpan: (25, 23) , (25, 28) 
niatbo: (3, 2) , (3, 7) 
tactics: (22, 12) , (22, 18) 
llop: (5, 3) , (8, 6) 
peej: (0, 12) , (3, 15) 
nonabel: (20, 4) , (26, 10) 
roirp: (17, 22) , (21, 26) 
denrut: (8, 1) , (13, 6) 
eciov: (7, 2) , (11, 6) 
beverage: (0, 15) , (7, 22) 
shake: (0, 13) , (4, 17) 
ediug: (0, 18) , (4, 22) 
bend: (3, 14) , (6, 17) 
elor: (10, 4) , (13, 7) 
refsnart: (1, 18) , (8, 25) 
decrof: (1, 7) , (6, 12) 
dednah: (4, 18) , (9, 23) 
ediced: (7, 8) , (12, 13) 
tcepser: (9, 0) , (15, 6) 
reserve: (20, 16) , (26, 22) 
tcapmi: (8, 0) , (13, 5) 
suddenly: (0, 16) , (7, 23) 
bean: (12, 0) , (15, 3) 
ecitcarp: (0, 10) , (7, 17) 
pihs: (4, 1) , (7, 4) 
desert: (10, 0) , (15, 5) 
truh: (10, 25) , (13, 28) 
fiji: (5, 4) , (8, 7) 
tolp: (5, 1) , (8, 4) 
naebbirac: (17, 11) , (25, 19) 
singing: (15, 16) , (9, 22) 
liar: (12, 24) , (9, 27) 
noitneter: (25, 12) , (17, 20) 
builder: (29, 6) , (23, 12) 
knalb: (27, 25) , (23, 29) 
tresed: (15, 17) , (10, 22) 
ybbuhc: (15, 18) , (10, 23) 
mils: (23, 0) , (20, 3) 
common: (22, 20) , (17, 25) 
gniws: (13, 25) , (9, 29) 
ronim: (22, 0) , (18, 4) 
bloody: (19, 8) , (14, 13) 
sail: (27, 11) , (24, 14) 
sepyt: (29, 4) , (25, 8) 
carpet: (18, 8) , (13, 13) 
pierce: (16, 8) , (11, 13) 
erutcel: (26, 13) , (20, 19) 
donor: (22, 2) , (18, 6) 
sing: (28, 17) , (25, 20) 
blame: (29, 5) , (25, 9) 
finally: (6, 1) , (0, 7) 
nori: (29, 2) , (26, 5) 
tree: (29, 1) , (26, 4) 
ylefas: (5, 8) , (0, 13) 
kcol: (29, 0) , (26, 3) 
among: (12, 8) , (8, 12) 
nworg: (29, 25) , (25, 29) 
cats: (25, 16) , (22, 19) 
0.6011111
---------- Word Grid ---------
h i y g o l o d o h t e m t v v s i r r a e s v o o o i o w 
m j m e k c s n t s h p s o j g n o i y q n o m d g f s u j 
t z e a a a a e a s a t o s o i m h u w r o a l a w y e r r 
i f t k r c s l b d y h g c m a l a i t n e d i s e r f o e 
x n e b s e b r k r e r h a n i y f r g h f d n s b x s k h 
a t t o r n e y b a s r g r c n i o c e u w u o p i d r m p 
c d e e y h l h e c g n i t h g i l q s c m e s h n u u m o 
t i e g g v b z p c q d n n q f s h t l b n e s i q n o w t 
l u t l a r a a i e b f c g e h m a q e x s a w t o s t l s 
t o p a a k a u a n i u r f e p r p r m o o n i b s n p u i 
c k t t u y c l d t n e n e l t a s r l s d e g r a h c e r 
p k i p u q e a f i a l t g s n f l c o s u d i l a o n s h 
d n h z g o a d p t t d u r a b l e y g g r o n z f v i d c 
e k i m m i g r a t i o n v a w x y a v b r e i e w u x e g 
x p z g k e l i s t s x r r e s e l c r i c a w r t u i t k 
o k q q k d z y c x p i o s b y f p l v z u i m s u n x c d 
b d s e m u s e r e n c o n s e q u e n c e n x m n c i e v 
l n s o t h t s l v d c p e m b o p t t k u n t v e a r t e 
k q u l o o i t e i u i a a u e a g z o j e o w u v a w e u 
l q b m r n t p e l z z l l o c y c d l u a v x r x s a d z 
t n s p m e e t g z p i c r s a c g n s e a a e q t p n h s 
c e t n s t a s a e m o b e k l h p u d i d t i o u e d b f 
b m a o u r d c t e m i t o e l i t o e a u i e t i c a d d 
y g n i y q m u t a t t e n d a p c r d o b v w a y t o k d 
n z t t z o c g o i s a k s z w e n g a k b e v d t s s k r 
d p i c t a d d c e o o b j p r t i r r g v h z d l i d s e 
s c a e l d n u b f n n j e r e t z e g x b c d w r r v e l 
j m l s b q y y d r j o j j d d f v d p l e p s o g z o f y 
g c t g a k b f a c o g l q t g q n n u o s i n n e t p w t 
m f i v c s p b a x c t i m e s o v u u w p m j f v z h b p 
nioc: (15, 5) , (18, 5) 
attorney: (0, 5) , (7, 5) 
degrahc: (21, 10) , (27, 10) 
lists: (6, 14) , (10, 14) 
attend: (9, 23) , (14, 23) 
consequence: (11, 16) , (21, 16) 
lawyer: (23, 2) , (28, 2) 
ygolodohtem: (2, 0) , (12, 0) 
laitnediser: (16, 3) , (26, 3) 
moon: (19, 9) , (22, 9) 
eldnub: (3, 26) , (8, 26) 
lepsog: (20, 27) , (25, 27) 
gnithgil: (10, 6) , (17, 6) 
selcric: (15, 14) , (21, 14) 
times: (11, 29) , (15, 29) 
etic: (23, 22) , (26, 22) 
sinnet: (21, 28) , (26, 28) 
immigration: (2, 13) , (12, 13) 
durable: (11, 12) , (17, 12) 
emuser: (3, 16) , (8, 16) 
detceted: (28, 12) , (28, 19) 
noitces: (3, 21) , (3, 27) 
tols: (19, 17) , (19, 20) 
edargpu: (19, 22) , (19, 28) 
egattoc: (8, 19) , (8, 25) 
dexob: (0, 12) , (0, 16) 
aspects: (26, 18) , (26, 24) 
rwanda: (27, 17) , (27, 22) 
substantial: (2, 17) , (2, 27) 
accent: (9, 5) , (9, 10) 
innovative: (22, 15) , (22, 24) 
hayes: (10, 1) , (10, 5) 
dnuorgrednu: (18, 19) , (18, 29) 
rehpotsirhc: (29, 2) , (29, 12) 
cniz: (17, 23) , (17, 26) 
evil: (9, 16) , (9, 19) 
ecallaw: (15, 18) , (15, 24) 
fuel: (11, 8) , (11, 11) 
oscar: (13, 1) , (13, 5) 
relyt: (29, 24) , (29, 28) 
rewsna: (21, 12) , (26, 17) 
programme: (17, 9) , (25, 17) 
tuptuo: (0, 7) , (5, 12) 
integral: (0, 3) , (7, 10) 
auditor: (6, 8) , (12, 14) 
anaisiuol: (20, 0) , (28, 8) 
ediwdlrow: (20, 20) , (28, 28) 
southwest: (16, 0) , (24, 8) 
delayed: (1, 6) , (7, 12) 
nepal: (13, 7) , (17, 11) 
reaction: (4, 19) , (11, 26) 
soonest: (2, 16) , (8, 22) 
etabed: (9, 22) , (14, 27) 
enol: (9, 25) , (12, 28) 
fusion: (21, 4) , (26, 9) 
suoiruc: (20, 10) , (26, 16) 
sselpot: (6, 16) , (12, 22) 
egakcap: (2, 6) , (8, 12) 
citauqa: (0, 6) , (6, 12) 
dnetni: (22, 11) , (27, 16) 
ecnairav: (19, 5) , (26, 12) 
sgalf: (20, 11) , (16, 15) 
sesolc: (23, 6) , (18, 11) 
starts: (19, 6) , (14, 11) 
rosdniw: (29, 2) , (23, 8) 
orbit: (14, 19) , (10, 23) 
great: (13, 8) , (9, 12) 
yako: (16, 19) , (13, 22) 
numbers: (23, 4) , (17, 10) 
dietary: (10, 17) , (4, 23) 
ksir: (28, 23) , (25, 26) 
teser: (8, 1) , (4, 5) 
epacse: (18, 16) , (13, 21) 
mali: (14, 17) , (11, 20) 
moss: (28, 6) , (25, 9) 
etuca: (9, 21) , (5, 25) 
tsalb: (10, 0) , (6, 4) 
inim: (17, 0) , (14, 3) 
cake: (5, 1) , (2, 4) 
sucof: (29, 8) , (25, 12) 
nrab: (10, 26) , (7, 29) 
pizza: (12, 17) , (8, 21) 
nacs: (7, 1) , (4, 4) 
sarb: (6, 1) , (3, 4) 
motel: (6, 23) , (2, 27) 
tcetorp: (9, 14) , (3, 20) 
elttes: (9, 16) , (4, 21) 
bulc: (15, 17) , (12, 20) 
sbreh: (9, 2) , (5, 6) 
retuo: (24, 19) , (20, 23) 
roman: (18, 0) , (14, 4) 
sheet: (16, 7) , (12, 11) 
esoculg: (14, 14) , (8, 20) 
anavrin: (16, 10) , (10, 16) 
0.6022222
---------- Word Grid ---------
y b p h r a e n i l p i c s i d n g f z n p a g k a t o z n 
x u y e o f h r s s d o h z u o u n e o w o s k m i c r o l 
w z g d i u e o c k u l s s n n c p a n u m i i m s c c w l 
v i z h e n s l u h o t f t v n s i b t g r a t n n d y w i 
t r a i n e d t e r a o l r t o c h s i m w t r a t x d e b 
m z r i q u i l o y l c b a s i j b i e z m m h i i e e o x 
x t d t d y p v s n r y z q n t h j u n w o r k s a r n e j 
b z z a t e c h n o l o g i c a l s g t e s w i a u v a t h 
z t a l d w e i b q w s n y p r c n o i t i s o p o r p v c 
s x o y r m r c c g m t i y f g o o g s i e y l n e d d u s 
g m g u i a r l x c s r t j f i j i d t n l r f q o j z p u 
b a n g l a d e s h i u e g u m p t s g t w l k x j i l a m 
n s e l e y m z h c o c l n z p n a b n e e x p o r t s a b 
i r o d m a c g i h n t l i h e c i e i r s c o w v e c o r 
j c t q l t z g p w i u u g k n p t d t a l o n e r r a e r 
m i m a r i n a m n l r b n p a c o a s c t s t v o t v r h 
k t w o d a n o e g l e o a n g l g e e t r x i c k e c l s 
o i h o e p u r n a i s p r c r b e r v i p c a z r r a h s 
r s y h i q u t t g x x m j f o i n b n o e d c s g c a e a 
g b z j f r x r o e e s b h y u m i q i n s s e n i k s m r 
a t t k i e h y c m s d e c a l p s m e h t r i n e a k n c 
n w t b c a l a q h a o o m d e i f i t n e d i d e r i h h 
i f q h e c o a l p a t l h i z o e k q n e l v r a f g c i 
z b l e p l d c i r b s i v d t g p f l e c g c y f r h a v 
a f g o s m o r s o s i e o e e g a r l m y n n i t i a e e 
t r s b w m a h h m f t f d n k m d b o n i i r i c h g p s 
i y k p m e o r l i r b a e f o r c e s t s g m k m g z i t 
o y g e e e r v k s n v v n u i a c r d b e c i f i r c a s 
n s n i g e b m s e l a l s d x e i g h t d i y n q k a h h 
j t m v n t k y d v t p n a c d w q d w d q p n p g d d f j 
meht: (18, 20) , (21, 20) 
decalp: (11, 20) , (16, 20) 
enilpicsid: (6, 0) , (15, 0) 
noitisoporp: (17, 8) , (27, 8) 
ylneddus: (22, 9) , (29, 9) 
export: (21, 12) , (26, 12) 
forces: (14, 26) , (19, 26) 
deifitnedi: (14, 21) , (23, 21) 
trained: (0, 4) , (6, 4) 
bangladesh: (0, 11) , (9, 11) 
marina: (2, 15) , (7, 15) 
eight: (16, 28) , (20, 28) 
snigeb: (1, 28) , (6, 28) 
micro: (24, 1) , (28, 1) 
coal: (5, 22) , (8, 22) 
technological: (4, 7) , (16, 7) 
works: (20, 6) , (24, 6) 
ecifircas: (21, 27) , (29, 27) 
derih: (24, 21) , (28, 21) 
sionilli: (10, 10) , (10, 17) 
llib: (29, 1) , (29, 4) 
nagro: (15, 14) , (15, 18) 
organization: (0, 17) , (0, 28) 
gnitsevni: (19, 11) , (19, 19) 
promise: (9, 22) , (9, 28) 
gnignar: (13, 11) , (13, 17) 
italy: (3, 5) , (3, 9) 
interaction: (20, 9) , (20, 19) 
archives: (29, 18) , (29, 25) 
deificeps: (4, 16) , (4, 24) 
daerb: (18, 14) , (18, 18) 
gage: (9, 16) , (9, 19) 
nitellub: (12, 8) , (12, 15) 
structures: (11, 8) , (11, 17) 
noitargim: (15, 3) , (15, 11) 
pontiac: (23, 12) , (23, 18) 
shipment: (8, 11) , (8, 18) 
snoitaitogen: (17, 7) , (17, 18) 
stand: (10, 24) , (14, 28) 
automation: (5, 16) , (14, 25) 
maria: (21, 2) , (25, 6) 
skoob: (8, 1) , (12, 5) 
flower: (1, 22) , (6, 27) 
lanac: (12, 4) , (16, 8) 
intent: (23, 2) , (28, 7) 
hourly: (6, 1) , (11, 6) 
gnimraf: (22, 23) , (28, 29) 
speek: (2, 25) , (6, 29) 
protein: (17, 23) , (23, 29) 
sunshine: (13, 0) , (20, 7) 
purchased: (5, 17) , (13, 25) 
noitairav: (20, 0) , (28, 8) 
butter: (17, 5) , (22, 10) 
kram: (25, 16) , (28, 19) 
houston: (3, 0) , (9, 6) 
market: (5, 24) , (10, 29) 
sddo: (25, 2) , (28, 5) 
fourth: (18, 0) , (23, 5) 
solve: (10, 20) , (14, 24) 
esidarap: (21, 18) , (28, 25) 
reverse: (29, 13) , (23, 19) 
malawi: (6, 12) , (1, 17) 
service: (27, 12) , (21, 18) 
runs: (4, 9) , (1, 12) 
raed: (6, 10) , (3, 13) 
comment: (7, 23) , (1, 29) 
lacinilc: (28, 16) , (21, 23) 
gnideelb: (25, 18) , (18, 25) 
esaercni: (28, 18) , (21, 25) 
rennid: (7, 1) , (2, 6) 
stays: (12, 2) , (8, 6) 
trohs: (5, 14) , (1, 18) 
helped: (9, 3) , (4, 8) 
macro: (29, 11) , (25, 15) 
ralloc: (6, 9) , (1, 14) 
tsac: (19, 10) , (16, 13) 
geneva: (16, 23) , (11, 28) 
niffirg: (28, 20) , (22, 26) 
chick: (28, 22) , (24, 26) 
shoe: (8, 24) , (5, 27) 
oaic: (19, 1) , (16, 4) 
shake: (29, 16) , (25, 20) 
tnek: (17, 11) , (14, 14) 
emiger: (6, 8) , (1, 13) 
iuam: (16, 18) , (13, 21) 
boat: (29, 12) , (26, 15) 
regit: (4, 0) , (0, 4) 
famous: (18, 23) , (13, 28) 
0.6
---------- Word Grid ---------
k m m u s x x z d m q m a v w l n g f n o s n h o j m s p b 
r i b x o r g a n i z e r e o a k a z u c a w i t a t e n x 
r n n n b v c d u w j z l v g y r e s h c x p u l a n s i x 
g o y i x r o g e x s d e p l o y m e n t q m s k c d d n h 
t r w g o j n l o b n l e f b h n o i t a n i m i r c s i d 
l i v e d i s b h q y s t o p s e b k y a g k l h t m p e g 
a j y k k h u l e t p t c h p l w d n e d i v i d j p m e v 
p t o e s f l r e e o y a g e g m h j q o v l s h u n g r y 
i z e u f n t d e e r u s c x j m g i u u a a e d m r u w d 
j s r e c o a k r r p r t l a i c o s l h n c p j a z w e p 
m f r v u i t t e a a e q a p v d l m l e c i b l h e s l s 
e z n i q t i j h e d l k u o i g i f m o o t s a a k m r d 
t t v o t n o h n a o n m g g n n o i v e u r p k r w i q e 
a y x e i e n f o c u s a i b u i w e l f v e q t g a i c b 
l e r u c t m d a e o q t t s i k n i p f e v o t f v t a i 
f r b a r t n l h a f a a n s a c d i s e r o u f n p r l r 
y v f a g a l e t c l p v a s a o h i n c d e a l i n g c c 
e y p c k y x f v t x t s k m u l c o r t o r x m v f z u s 
c e h m s i r o r r e t e e y e b o k t e e n e g e f m l e 
l n e e t q r a q e e d l o k d u e d y s c r s y k a z a r 
h a p b y d e e s s c t g y l n o m m o c o t v i l o r t p 
k u m o a c n f t s y h n s s o m e b o d y l l a n f j o z 
c k m r l l n a f r e r a i f e i h c i y b e y y l g n r g 
o e r u o e b e l i a c e m x f q r f s a r s f p n r o m d 
n y q y e f v a u k c t e v p m e f u l u i e e i r o s w c 
s k c s q u n e n q a i s n o i i b l p a d x n f e l i n s 
e x x t z w a i d y e o e e n c o u r a g i n g l f a r j h 
n d e o r h t u o s f r x n u u s n m y t a g a v f n r l l 
t r z o r m a i g o v x f l t g h i x p l h e y u i d a i t 
s c i b h h i t d u e w t g m a m o d p r m x k t d y h z p 
focus: (7, 13) , (11, 13) 
laicos: (13, 9) , (18, 9) 
htuos: (5, 27) , (9, 27) 
neet: (1, 19) , (4, 19) 
dnedivid: (17, 6) , (24, 6) 
feihc: (14, 22) , (18, 22) 
organizer: (4, 1) , (12, 1) 
noitanimircsid: (16, 4) , (29, 4) 
eruc: (1, 14) , (4, 14) 
nosnhoj: (19, 0) , (25, 0) 
msirorret: (3, 18) , (11, 18) 
deployment: (11, 3) , (20, 3) 
dealing: (21, 16) , (27, 16) 
encouraging: (13, 26) , (23, 26) 
stops: (11, 5) , (15, 5) 
somebody: (14, 21) , (21, 21) 
hungry: (24, 7) , (29, 7) 
lived: (0, 5) , (4, 5) 
ylnommoc: (13, 20) , (20, 20) 
roland: (26, 23) , (26, 28) 
metal: (0, 10) , (0, 14) 
noitnetta: (5, 8) , (5, 16) 
gnikcolb: (16, 11) , (16, 18) 
augitna: (13, 10) , (13, 16) 
nosirrah: (27, 22) , (27, 29) 
vancouver: (21, 7) , (21, 15) 
effect: (20, 12) , (20, 17) 
lacitrev: (22, 7) , (22, 14) 
cast: (12, 6) , (12, 9) 
stoob: (3, 25) , (3, 29) 
reffid: (25, 24) , (25, 29) 
consultation: (6, 2) , (6, 13) 
maharg: (25, 8) , (25, 13) 
debircserp: (29, 11) , (29, 20) 
minor: (1, 0) , (1, 4) 
consent: (0, 22) , (0, 28) 
calculator: (28, 13) , (28, 22) 
actress: (9, 15) , (9, 21) 
albany: (4, 21) , (9, 26) 
dnalkao: (5, 20) , (11, 26) 
efficient: (6, 20) , (14, 28) 
directly: (17, 15) , (24, 22) 
ycneuqerf: (4, 20) , (12, 28) 
interval: (18, 15) , (25, 22) 
reylf: (22, 17) , (26, 21) 
dradnats: (7, 8) , (14, 15) 
while: (16, 6) , (20, 10) 
wisconsin: (17, 13) , (25, 21) 
yrassecennu: (5, 17) , (15, 27) 
tsol: (19, 18) , (22, 21) 
noitnevretni: (2, 11) , (13, 22) 
champion: (10, 20) , (17, 27) 
sleep: (6, 5) , (10, 9) 
poleved: (2, 20) , (8, 26) 
lamrofni: (0, 19) , (7, 26) 
yrevocsid: (10, 21) , (18, 29) 
retrats: (6, 19) , (12, 25) 
asked: (15, 15) , (11, 19) 
minus: (18, 10) , (14, 14) 
buffer: (7, 5) , (2, 10) 
gninnalp: (26, 22) , (19, 29) 
welsh: (9, 2) , (5, 6) 
laem: (24, 26) , (21, 29) 
sriaffa: (29, 10) , (23, 16) 
yrrej: (11, 7) , (7, 11) 
surf: (4, 7) , (1, 10) 
malaysia: (27, 18) , (20, 25) 
erup: (22, 22) , (19, 25) 
exit: (23, 24) , (20, 27) 
gnikees: (7, 3) , (1, 9) 
ysub: (20, 22) , (17, 25) 
raen: (11, 9) , (8, 12) 
naej: (21, 4) , (18, 7) 
locally: (11, 11) , (5, 17) 
difficult: (20, 21) , (12, 29) 
lovely: (15, 0) , (10, 5) 
oven: (20, 11) , (17, 14) 
terry: (4, 12) , (0, 16) 
speek: (11, 5) , (7, 9) 
malsi: (26, 0) , (22, 4) 
digital: (16, 10) , (10, 16) 
egral: (28, 6) , (24, 10) 
camel: (16, 15) , (12, 19) 
pencil: (28, 0) , (23, 5) 
elected: (16, 5) , (10, 11) 
desk: (29, 8) , (26, 11) 
0.60444444
---------- Word Grid ---------
b r l l s i c t h q w u m o x d o z t i v n l t s e q y u p 
n w o r g t h a j z q l l d p b v v g l w f o s r k v l i r 
e d p h y e r n m y t i r a l u p o p s w k a t d y s l k o 
i p s l f f v o i e x i c y o y l t c e r r o c s d f a z f 
g i l t m p v x h l r o t i d u a y e k b s e p b o h i n x 
w a b a h r a i n s b o c d s z h o c a a s i k w b b c d h 
s s k d d n e k e e w u o i i a i d s c i j y l w o y e a s 
n e r d y x b e i g a k d n n c f s q o c l x a e n s p s j 
s o n r i i w z y l l a u t c a t e n e r r l t i i e s v b 
f f n n d n r o u g e b u t d v g i e u p s q a g c t n a f 
c i t a t s n d b o m t s m n y s r o l e u s n h f a t i d 
h l y a b n e e x a b a f i u h e h o n u d b h t t c e r p 
b a x m n p e k r v c m l r o i q p j k a g a l u h s o k s 
k c d r m n c a r e e r o a r c a o i j p r d c i m c o s a 
h i o y a o a c r y t s w c g d t i u r i n y e e s a p u p 
r t e r b h t o x h t e t l s n t n z g i f t s s d h n t l 
j e p e t l f m g i l r e e a m a t u f i n g e r i n g s l 
s r l t b c u i b i a e e r u o c e l e v r a m y d v a t r 
t o h s s i s c p i r k u q l b h r d p g m r p o u i d e d 
h e q y t o w m n l e a r n e d e p a r q e p s r n s h a k 
g h r m d o o n n r t c w d e b d r i a p n t t t c t u c s 
i t s o l c e i s s d g s a l v a t i o n e t n s a k a o i 
t v a l h g j a e t h a i m u d c m r b s e r a r o t p n l 
j m e w s s n r d o m q q a i s y t e s l d a i s u m b v a 
l y d y s t f i i l o q b s t n a m a n t s e l a k l a i e 
z k i p r y u f v m o m e n t s o g x i t t h l q p s v c t 
t r o o p s g n o a h c d n v o b r e y b o e i p j n p t u 
z l u y a o g q r b e s e c z f z b v n d b r r n x a m i z 
e t z g a m r n p j o l p r i e p h y s i c s b m k r i o w 
x j e l d e j j o w c x m r a v v o y b e w v i d s t c n w 
gifts: (19, 15) , (23, 15) 
thai: (9, 22) , (12, 22) 
rouge: (6, 9) , (10, 9) 
ytiralupop: (9, 2) , (18, 2) 
caasi: (18, 5) , (22, 5) 
fingering: (19, 16) , (27, 16) 
physics: (16, 28) , (22, 28) 
yllautca: (8, 8) , (15, 8) 
career: (6, 13) , (11, 13) 
troops: (0, 26) , (5, 26) 
rotidua: (10, 4) , (16, 4) 
moments: (9, 25) , (15, 25) 
yltcerroc: (15, 3) , (23, 3) 
levram: (18, 17) , (23, 17) 
aids: (15, 6) , (18, 6) 
learned: (9, 19) , (15, 19) 
salvation: (12, 21) , (20, 21) 
nworg: (0, 1) , (4, 1) 
dnekeew: (4, 6) , (10, 6) 
citats: (0, 10) , (5, 10) 
bahrain: (2, 5) , (8, 5) 
laciteroeht: (1, 11) , (1, 21) 
thgit: (0, 18) , (0, 22) 
saedi: (2, 21) , (2, 25) 
attached: (16, 13) , (16, 20) 
yretsym: (3, 14) , (3, 20) 
yllaiceps: (27, 0) , (27, 8) 
ydobon: (25, 2) , (25, 7) 
inter: (17, 14) , (17, 18) 
dnuorg: (14, 9) , (14, 14) 
conviction: (28, 20) , (28, 29) 
miracle: (13, 10) , (13, 16) 
flow: (12, 11) , (12, 14) 
traeh: (22, 21) , (22, 25) 
klat: (23, 5) , (23, 8) 
edivorp: (8, 22) , (8, 28) 
niar: (7, 20) , (7, 23) 
snart: (26, 25) , (26, 29) 
weight: (24, 6) , (24, 11) 
tnaillirb: (23, 20) , (23, 28) 
comic: (7, 14) , (7, 18) 
needs: (21, 20) , (21, 24) 
soul: (26, 12) , (29, 15) 
dictionary: (13, 5) , (22, 14) 
publish: (20, 9) , (26, 15) 
edaced: (20, 10) , (25, 15) 
feel: (16, 7) , (19, 10) 
usage: (14, 22) , (18, 26) 
terms: (21, 25) , (25, 29) 
minor: (13, 22) , (17, 26) 
human: (23, 11) , (27, 15) 
ymmot: (2, 11) , (6, 15) 
dinner: (3, 7) , (8, 12) 
mentor: (17, 22) , (22, 27) 
enip: (26, 8) , (29, 11) 
notsob: (21, 0) , (26, 5) 
cinagro: (12, 5) , (18, 11) 
anna: (3, 11) , (6, 14) 
epir: (16, 11) , (19, 14) 
soma: (24, 21) , (27, 24) 
gnivael: (5, 22) , (11, 28) 
nilbud: (7, 2) , (12, 7) 
cameroon: (6, 0) , (13, 7) 
obmoc: (9, 10) , (13, 14) 
erohsffo: (1, 19) , (8, 26) 
montana: (23, 17) , (29, 23) 
strohs: (4, 0) , (9, 5) 
esivda: (23, 14) , (28, 19) 
tsacerof: (13, 9) , (6, 16) 
droc: (29, 10) , (26, 13) 
tnaruatser: (16, 14) , (7, 23) 
mooz: (17, 24) , (14, 27) 
paradise: (19, 18) , (12, 25) 
wolley: (6, 19) , (1, 24) 
report: (22, 18) , (17, 23) 
elipmoc: (11, 15) , (5, 21) 
train: (12, 15) , (8, 19) 
saint: (28, 16) , (24, 20) 
stessa: (23, 19) , (18, 24) 
thgis: (10, 14) , (6, 18) 
usage: (6, 25) , (2, 29) 
drof: (3, 6) , (0, 9) 
hsiw: (3, 2) , (0, 5) 
esion: (22, 4) , (18, 8) 
rehtar: (29, 17) , (24, 22) 
theft: (7, 0) , (3, 4) 
seeker: (14, 15) , (9, 20) 
goal: (6, 26) , (3, 29) 
design: (28, 5) , (23, 10) 
stib: (11, 14) , (8, 17) 
batch: (29, 8) , (25, 12) 
leer: (13, 15) , (10, 18) 
yllas: (4, 2) , (0, 6) 
ssarb: (24, 0) , (20, 4) 
makes: (4, 4) , (0, 8) 
pole: (3, 25) , (0, 28) 
trout: (5, 24) , (1, 28) 
ylruoh: (22, 6) , (17, 11) 
Server started!
0.6011111
---------- Word Grid ---------
g n i y u b x u p t a f f m a h l f s m k d p o r f b e h y 
k p z d l o v f n a f s l e o p p a k g t c p v e z m v c l 
i v r l x y e e o d n i e e h o v u a k y c k x m w i w t a 
p o e n o r m o u s t e n p f e n u b d r i e w o c w x a i 
l h d b b e u l o l x s r a i t j u n g l e e n t c s p c c 
s v l x l r b a e b x g j a l r r a y e g d g o s y z k x i 
k a i e e a n b n i n c w v h l t p s l v j r m u y o k r f 
h y m t v h f g n i n t h g i l y s p s l i l d c f q s s f 
b j i a t s p h l m k l q h x m o r a l e a t u e f c g f o 
b l t p c a k e a o p t i o n a l y i p e m e c f n r q x q 
u c s p n c e r q f t t r p u b g z o s i w b r e e m b w n 
f o g t u f c v j l w f n j g e n e r i c c v l a t r a n s 
o n s r w h o s e o h r r e q r o w e v j p k t e k e a r r 
j t e t k a e p s w e i e j m i h u s q r o e u x d w d c k 
u e p v z y z x s e t n p y f e c k u o i r v t p k d v f o 
s m z p e t l a l r s q r e a s r t v r o b v i o u s l y k 
s p s h r x x i v s o u e d n o m i n a t i o n b v n c c l 
i o y i c e p e v o r i s n q i d r t e a p p e r n e e n d 
a r m f t u w e t a f r e v j i j o c e m u b h v l h x m d 
w a s u b s t a n c e e n u n l g o l x r e t r r c c s j e 
p r e g b d s t s d f h t g a o l p a l e u c o s a q b u d 
u y q e r i h o j l i a e n o l n i u g n e p r m t s i q n 
g w t o s e e u a t a t d d a g w a r m p s q e o o r e f a 
n t l s d e a r n p t i u r f n t e x n i s c p d f t a o h 
y b a b g r v i p b n s r r s i z e d i k r h m v u n i e x 
k h c r i o e s z g a s e e e t k a w b u u b e r w l e v h 
c q e u w o n t k f w t o b t s m b z o k r g w g r a c m e 
z m u h l m v j e s a s t t h a n k s r z g s b w u r s x r 
c y s a t n a f i r x i j e g c m e n d y e q r f y q h k e 
e l b i d e r c n i k l v e q w r u u v y j l a t e s t x a 
niugnep: (16, 21) , (22, 21) 
ysatnaf: (1, 28) , (7, 28) 
generic: (14, 11) , (20, 11) 
ybab: (0, 24) , (3, 24) 
enormous: (2, 3) , (9, 3) 
whose: (4, 12) , (8, 12) 
driew: (19, 3) , (23, 3) 
latest: (22, 29) , (27, 29) 
elbidercni: (0, 29) , (9, 29) 
warm: (16, 22) , (19, 22) 
trans: (25, 11) , (29, 11) 
kaeps: (4, 13) , (8, 13) 
thanks: (13, 27) , (18, 27) 
gninthgil: (7, 7) , (15, 7) 
moral: (15, 8) , (19, 8) 
obviously: (20, 15) , (28, 15) 
gniyub: (0, 0) , (5, 0) 
jungle: (16, 4) , (21, 4) 
substance: (2, 19) , (10, 19) 
nomination: (14, 16) , (23, 16) 
optional: (9, 9) , (16, 9) 
roop: (17, 17) , (17, 20) 
nibor: (19, 23) , (19, 27) 
laiciffo: (29, 1) , (29, 8) 
inquire: (11, 13) , (11, 19) 
eroom: (5, 23) , (5, 27) 
hctac: (28, 0) , (28, 4) 
keeg: (22, 2) , (22, 5) 
erahs: (5, 4) , (5, 8) 
tourist: (7, 20) , (7, 26) 
represented: (12, 12) , (12, 22) 
limits: (2, 5) , (2, 10) 
tsorf: (10, 14) , (10, 18) 
contemporary: (1, 10) , (1, 21) 
gnitsac: (15, 22) , (15, 28) 
dednah: (29, 18) , (29, 23) 
rorepme: (23, 19) , (23, 25) 
remotsuc: (24, 0) , (24, 7) 
heaven: (6, 21) , (6, 26) 
flower: (9, 10) , (9, 15) 
stsil: (11, 25) , (11, 29) 
miws: (26, 1) , (26, 4) 
yllaer: (18, 5) , (23, 10) 
tnemecrofne: (17, 15) , (27, 25) 
assembled: (17, 5) , (25, 13) 
anera: (9, 1) , (13, 5) 
phrase: (22, 17) , (27, 22) 
sepirts: (11, 1) , (17, 7) 
tnemeriter: (11, 10) , (20, 19) 
slairetam: (8, 20) , (16, 28) 
automotive: (20, 17) , (29, 26) 
tseb: (10, 23) , (13, 26) 
finally: (10, 1) , (16, 7) 
straeh: (24, 20) , (29, 25) 
ylivaeh: (5, 14) , (11, 20) 
edulcxe: (23, 22) , (29, 28) 
denmark: (23, 7) , (29, 13) 
evitceted: (19, 5) , (27, 13) 
moon: (13, 0) , (16, 3) 
left: (12, 1) , (15, 4) 
pickup: (19, 9) , (24, 14) 
luferac: (22, 7) , (28, 13) 
expenditure: (4, 15) , (14, 25) 
providing: (21, 12) , (13, 20) 
cure: (5, 10) , (2, 13) 
collar: (18, 18) , (13, 23) 
pants: (6, 8) , (2, 12) 
egrem: (5, 23) , (1, 27) 
betty: (4, 20) , (0, 24) 
etil: (4, 6) , (1, 9) 
heads: (16, 13) , (12, 17) 
march: (9, 8) , (5, 12) 
laes: (22, 7) , (19, 10) 
tleb: (10, 3) , (7, 6) 
sissahc: (6, 20) , (0, 26) 
kcehc: (29, 15) , (25, 19) 
reel: (11, 12) , (8, 15) 
gnileef: (11, 5) , (5, 11) 
ecruoser: (23, 22) , (16, 29) 
save: (18, 0) , (15, 3) 
drol: (5, 20) , (2, 23) 
greater: (27, 8) , (21, 14) 
llehs: (4, 1) , (0, 5) 
damage: (18, 24) , (13, 29) 
trim: (5, 15) , (2, 18) 
victor: (27, 1) , (22, 6) 
landing: (15, 19) , (9, 25) 
blah: (3, 4) , (0, 7) 
drol: (3, 1) , (0, 4) 
tnemele: (9, 0) , (3, 6) 
saxet: (8, 14) , (4, 18) 
good: (16, 19) , (13, 22) 
0.6
---------- Word Grid ---------
i r a q i t k s s v w n z s s y w s y o c l x w p f b u v i 
p z p p n i t t h p b q g n s t i m p o r t a n t a c j s o 
m l a d s o a x x t a k i n d a j b r w h f o n l d i y u b 
u j y s r n d e e c o r p e j a r d c g f t o a q a v g p y 
f m i o d r a n k s x w e y l d l g u q l i n t x h i p e k 
u n n s e y l n a r y r a l a s i o s t t c n e f c l f r m 
g t g n u a m x j d i s p u t e s h b c e u o r l k x e b r 
o n o i t c i v n o c n k m q f o x e e v n x m o l x u e y 
i t p a l e s t i n e a f k i c y s c r a c v i h p e s o j 
s l n x c g i i r d a g d e k s b s g i e l a n j h p c p l 
x c a h y a n g r k f a o e g u t a u d n e e a m l c d x u 
s i n n d s n i n k k e o r s h k r e n r e h t s h i t p e 
a s b r c i q d v i p m t c g s o b e i s r c i z y t d h y 
r n a i i a f y l l n e s i f e u t v s e f t o i f a g h f 
e i c p e z s f a e o a r d h t w e h d s f e n x t u m v j 
y a i f u n c t i o n s e e p u r y n e l i r d e v q f g i 
w h n g c p f c e c o d d l y n x e e a r r t w i c a q i g 
r c a i a o w h e r u c n m c i l y g a m e s o o n t m c d 
t y g d r t r p u z u l u h v m o s a t f w s r j c i z d s 
y r r m r e d r o s i d t a b m a s r s q a x t e n s n d u 
s a o a t o w v e p e s u g g e s t i o n l g n v y t o g q 
t e u n d o w i h s k x a o j a g k q a u l n i w l a l m l 
r v n g o n m a s t p e a g m z f v u l d c i s n o o g x j 
o l u v a t o m r c y o y m g o l a t a c h r i o n l n k e 
p a l n s r i c y m o n n b p t a e w b c e a f g o c i b x 
e p a h s b a o e m i n a d o l g p w n v m c e o q d n s h 
r i o y i p z p n s q x s p e a e g e o e t r f p l h r k a 
d e a l e d i w d l r o w i p n r b l r h s i l b u p u o f 
s t l e h c h x u k h m a m n o c d c i t e h t n y s b e c 
s s k z v j g u h g k n b m j b f e w g x j i j q j g c n n 
important: (16, 1) , (24, 1) 
hsilbup: (20, 27) , (26, 27) 
emina: (8, 25) , (12, 25) 
kind: (11, 2) , (14, 2) 
deecorp: (6, 3) , (12, 3) 
abmas: (13, 19) , (17, 19) 
ediwdlrow: (4, 27) , (12, 27) 
disputes: (9, 6) , (16, 6) 
ranks: (5, 4) , (9, 4) 
citehtnys: (18, 28) , (26, 28) 
palestine: (2, 8) , (10, 8) 
suggestion: (11, 20) , (20, 20) 
iraqi: (0, 0) , (4, 0) 
functions: (3, 15) , (11, 15) 
hpesoj: (24, 8) , (29, 8) 
noitcivnoc: (1, 7) , (10, 7) 
yralas: (10, 5) , (15, 5) 
redrosid: (4, 19) , (11, 19) 
golatac: (14, 23) , (20, 23) 
superb: (28, 1) , (28, 6) 
uncle: (21, 6) , (21, 10) 
tceridni: (19, 5) , (19, 12) 
gninrub: (27, 22) , (27, 28) 
dootsrednu: (12, 9) , (12, 18) 
paying: (2, 1) , (2, 6) 
setunim: (15, 12) , (15, 18) 
keerc: (13, 8) , (13, 12) 
egar: (18, 16) , (18, 19) 
gnirac: (22, 20) , (22, 25) 
stroper: (0, 20) , (0, 26) 
civil: (26, 1) , (26, 5) 
nylon: (25, 19) , (25, 23) 
hcterts: (22, 11) , (22, 17) 
sniahc: (1, 12) , (1, 17) 
dahc: (25, 2) , (25, 5) 
termination: (23, 4) , (23, 14) 
citauqa: (26, 10) , (26, 16) 
cinagro: (2, 14) , (2, 20) 
ortni: (23, 17) , (23, 21) 
firewall: (21, 14) , (21, 21) 
keyboard: (10, 21) , (17, 28) 
correspondence: (4, 16) , (17, 29) 
ssarg: (13, 0) , (17, 4) 
difficult: (4, 11) , (12, 19) 
other: (16, 12) , (20, 16) 
yaugarap: (0, 19) , (7, 26) 
yradnoces: (1, 18) , (9, 26) 
candle: (4, 9) , (9, 14) 
example: (10, 20) , (16, 26) 
wocsom: (23, 16) , (28, 21) 
warm: (6, 21) , (9, 24) 
mistress: (13, 7) , (20, 14) 
notion: (3, 21) , (8, 26) 
gnivlos: (5, 9) , (11, 15) 
tnellecxe: (21, 3) , (29, 11) 
tommy: (4, 20) , (8, 24) 
dining: (23, 15) , (28, 20) 
wisconsin: (6, 20) , (14, 28) 
lancaster: (1, 9) , (9, 17) 
gninaelc: (7, 10) , (14, 17) 
toronto: (6, 1) , (0, 7) 
noitcesbus: (23, 2) , (14, 11) 
stands: (8, 0) , (3, 5) 
shock: (18, 5) , (14, 9) 
rednel: (21, 12) , (16, 17) 
enots: (4, 5) , (0, 9) 
nees: (23, 9) , (20, 12) 
kissing: (6, 0) , (0, 6) 
hcneb: (21, 23) , (17, 27) 
srevol: (23, 22) , (18, 27) 
longer: (27, 21) , (22, 26) 
niamer: (24, 22) , (19, 27) 
balance: (26, 0) , (20, 6) 
egap: (17, 24) , (14, 27) 
thguo: (21, 1) , (17, 5) 
ebut: (18, 11) , (15, 14) 
update: (29, 10) , (24, 15) 
bills: (5, 25) , (1, 29) 
flags: (21, 14) , (17, 18) 
shoes: (4, 24) , (0, 28) 
platform: (10, 12) , (3, 19) 
syats: (4, 25) , (0, 29) 
river: (20, 11) , (16, 15) 
cord: (20, 0) , (17, 3) 
sthgir: (17, 9) , (12, 14) 
loof: (26, 23) , (23, 26) 
anaid: (4, 23) , (0, 27) 
0.6011111
---------- Word Grid ---------
r n d i t i k a m w j h k x w r u x t p n z r e e m u f q b 
a e o v e d v o l l e y b a l l e e o o o b n g a l l e r y 
d u w i x p s a e l b a i l e r m l i w i o k h o s a w u c 
y d a u t z n t w q q n w t c l a s y u t n k p t h v o n k 
b k s l u a v u j t l u s w e n i j p s a p l a y b a c k k 
y h k a r u t t m e m t a h d v q h i e m w f l o p j s z g 
p y k m e x m s s b c o m m e r c i a l r f l r h u p v n m 
q k e a j l n e a o e a u q e z q x c v i q i o a a n n k i 
n x z r o x i a g c m r d e d u l c x e f e t n r m e t f i 
q e f v r d x a r g a b r w i z t l f u n o h e h o t n o v 
l w i e s u r e d l o f s z a l o c q t o q u o n o h e o c 
i n p l s q s p o d o e b e r v k w e j c i a g e r e m t h 
g z f a t h e r a s t a c a a b y d f l a h n d m h r e w j 
m a t t e r q d y t t p e h s h o v m r p y i d a t l r e w 
c c i o i m e p l s r a d d i c t i o n h r a l r a a i a n 
i i h d g g w e w e f o r p g n t u k i y p n j d b n u r q 
x m l a a u b b r e y u l e k n a d a i b i m a n m d q d p 
b l b g o p h e m n g m f l h k i i f z v n c w j p s e h n 
n r n z a s m z p d b r a k e g b v n g n i n n u r l r o t 
o e s h s i t i r b n i d c s r i e o f u n c t i o n g r m 
i l v p n a a f e u b a h i f l e h a r r e i l r a e i a r 
t g e a m b o b q l t o h r i n q g k t p d r q t r b c r e 
i l b d e r s b u y y o i t y w e a a q s m l w o a u d e n 
l o g w t m e e a r r a a a r p r d u n j i i u l j r v a n 
a a r h a b a g t n a o d p r m w o l e a a q t o r s s b u 
o d g e l n s i i b u n t i a o a r h o r m e k u w t u q r 
c i l k a e t n o j o y a c l x o l i c g s e n t e n c e s 
m h n i z d e e n m k f u l i o u r o s n s l n e n u q g t 
w q k f h v e h d b f t i b a v h k l n k a e h y d y p u m 
s v d w d c a r t a q w j a g u s a t y e c s p c k f i l t 
sentences: (21, 26) , (29, 26) 
addiction: (11, 14) , (19, 14) 
gninnur: (19, 18) , (25, 18) 
hsitirb: (3, 19) , (9, 19) 
playback: (21, 4) , (28, 4) 
brake: (10, 18) , (14, 18) 
redlof: (6, 10) , (11, 10) 
stac: (9, 12) , (12, 12) 
elbailer: (8, 2) , (15, 2) 
father: (2, 12) , (7, 12) 
flah: (18, 12) , (21, 12) 
matter: (0, 13) , (5, 13) 
aibiman: (18, 16) , (24, 16) 
function: (19, 19) , (26, 19) 
gallery: (23, 1) , (29, 1) 
dedulcxe: (12, 8) , (19, 8) 
commercial: (10, 6) , (19, 6) 
reilrae: (20, 20) , (26, 20) 
volleyball: (6, 1) , (15, 1) 
noitamrifnoc: (20, 0) , (20, 11) 
tnemeriuqer: (27, 8) , (27, 18) 
tokyo: (16, 9) , (16, 13) 
texture: (4, 0) , (4, 6) 
metal: (4, 21) , (4, 25) 
equation: (8, 20) , (8, 27) 
lithuania: (22, 6) , (22, 14) 
moorhtab: (25, 8) , (25, 15) 
netherlands: (26, 7) , (26, 17) 
seas: (6, 22) , (6, 25) 
footwear: (28, 8) , (28, 15) 
rennur: (29, 20) , (29, 25) 
begin: (7, 22) , (7, 26) 
marvel: (3, 6) , (3, 11) 
area: (28, 20) , (28, 23) 
load: (1, 22) , (1, 25) 
kcirtap: (13, 18) , (13, 24) 
seen: (9, 14) , (9, 17) 
burst: (26, 21) , (26, 25) 
noitilaoc: (0, 18) , (0, 26) 
eeht: (5, 26) , (8, 29) 
beats: (16, 18) , (20, 22) 
yadiloh: (10, 22) , (16, 28) 
rehgih: (12, 15) , (17, 20) 
yrotciv: (9, 22) , (15, 28) 
chaos: (1, 14) , (5, 18) 
wanted: (3, 23) , (8, 28) 
roller: (10, 14) , (15, 19) 
tsom: (7, 5) , (10, 8) 
rohcna: (16, 23) , (21, 28) 
risk: (17, 25) , (20, 28) 
alone: (16, 25) , (20, 29) 
dnah: (9, 18) , (12, 21) 
gnivorpmi: (14, 15) , (22, 23) 
number: (6, 3) , (11, 8) 
nedlog: (15, 21) , (20, 26) 
reganam: (15, 19) , (21, 25) 
rely: (15, 0) , (18, 3) 
dluow: (21, 21) , (25, 25) 
oguh: (3, 14) , (6, 17) 
abura: (6, 20) , (10, 24) 
reader: (2, 24) , (7, 29) 
noitats: (1, 0) , (7, 6) 
dlihc: (1, 25) , (5, 29) 
patrol: (7, 11) , (12, 16) 
yerrus: (1, 6) , (6, 11) 
degagne: (7, 13) , (1, 19) 
riaffa: (14, 24) , (9, 29) 
leseid: (10, 4) , (5, 9) 
oriented: (24, 5) , (17, 12) 
quiz: (16, 7) , (13, 10) 
temleh: (18, 0) , (13, 5) 
loving: (5, 7) , (0, 12) 
edir: (24, 11) , (21, 14) 
spare: (27, 5) , (23, 9) 
emina: (7, 17) , (3, 21) 
poland: (19, 0) , (14, 5) 
steehs: (27, 24) , (22, 29) 
lrae: (15, 10) , (12, 13) 
jokes: (25, 23) , (21, 27) 
fort: (7, 20) , (4, 23) 
enots: (23, 0) , (19, 4) 
noisiv: (20, 0) , (15, 5) 
tnec: (24, 26) , (21, 29) 
settle: (12, 10) , (7, 15) 
juan: (26, 5) , (23, 8) 
staff: (25, 2) , (21, 6) 
nogero: (29, 17) , (24, 22) 
lets: (15, 1) , (12, 4) 
spell: (4, 19) , (0, 23) 
neon: (27, 7) , (24, 10) 
tribal: (29, 18) , (24, 23) 
bunny: (28, 24) , (24, 28) 
yadnom: (14, 22) , (9, 27) 
photo: (25, 5) , (21, 9) 
wolliw: (16, 24) , (11, 29) 
thgim: (4, 23) , (0, 27) 
karma: (18, 21) , (14, 25) 
0.6011111
---------- Word Grid ---------
s p y r i f s f b t i e k g n g n s g u r d c t g b u s q c 
e h t e n g y y l j p i x r f o f g e o x g t i w a k a n g 
m m g l t g g v p o h w y l i n s l s c n j n k t i j n s n 
a b t e e i o c l h o g a t u a t y a i u m h f q y r d g i 
r r v v n e l s i i t h a u t o m a t i o n p t x u z w c r 
g e i a s l o o d t e u l o o t r a t e c h n i c a l i p e 
a e t n e j c l n b l j b f p k k e d r h e e l y y x c l e 
i d f c i d e g n a d a h x o s w u s r o t t l e k v h a n 
d v c e h i g n v l n f o r e v e r b i e o r i e e z w y i 
r i q y f u w i b z o n j z d l g g o t s s m i u c h v i g 
x s e f e m a k a y i u i e b a b g b j f t s m d s t w n n 
r o e s a p b c s a t n s n o i t a m o t u a i a y p i g e 
g h t l e b c a e v c s p o l b r r m u h p x n n t g z o a 
s r a v l l o b d o e u i l c g q s o o l t o l t g e v y n 
k w v x k e j s m l f w s s a c o v u c o m p r e s s e d r 
i c u e s n r e b q n d i i p y u r s z i r y l e a a s w r 
k n o i t n e t t a i e n c b o i p e s t z y c n l a f h e 
y n b p h l e a k r o w e m o h n n i l m t a r i i n z z p 
k n a r w u y l s k o t p m a c b y g e s f m v w g s q a l 
n r i r e r i e h t a y h a u u y a s k d c e n e n q n s i 
n p o f f a a i a h b o a e s r a e a g n i d a e l i i o c 
r r v c f t k n g b s a y l r t t r i p l e f x t c z y y a 
a e k t t i a s r z w r j k t e a q l g g m o d e e r f w t 
l v q l x t r o t q u d f k h y f i a i g g e s f h c u b i 
u i e w o j a g g j d e c a t e g o r y s q g b o t c u l o 
c o t m u d i n n e r e x y j t b w r x d t e z r k v e r n 
e u y a w c i i h a k p o b e s l f i e b s s p t a t h v b 
l s n a e t j k d f o r m a t i n h e r i t e d h t y e y j 
o l y s a h q a h l s q g t q b x l f d s j a t e a r s v v 
m y p e n j r g l e n n s f d d w z e u t s r r f y d b g j 
noitnetta: (1, 16) , (9, 16) 
gnidael: (19, 20) , (25, 20) 
krowemoh: (8, 17) , (15, 17) 
format: (9, 27) , (14, 27) 
category: (12, 24) , (19, 24) 
forever: (11, 8) , (17, 8) 
dinner: (5, 25) , (10, 25) 
tears: (23, 28) , (27, 28) 
glenn: (7, 29) , (11, 29) 
technical: (18, 5) , (26, 5) 
rieht: (5, 19) , (9, 19) 
automation: (12, 4) , (21, 4) 
sgurd: (17, 0) , (21, 0) 
loot: (12, 5) , (15, 5) 
triple: (16, 21) , (21, 21) 
inherited: (15, 27) , (23, 27) 
compressed: (19, 14) , (28, 14) 
noitamotua: (13, 11) , (22, 11) 
modeerf: (21, 22) , (27, 22) 
forth: (24, 23) , (24, 27) 
gnireenigne: (29, 1) , (29, 11) 
breed: (1, 3) , (1, 7) 
ygoloce: (6, 1) , (6, 7) 
base: (8, 9) , (8, 12) 
align: (25, 15) , (25, 19) 
previously: (1, 20) , (1, 29) 
replication: (29, 15) , (29, 25) 
noitcefni: (10, 8) , (10, 16) 
ralucelom: (0, 21) , (0, 29) 
playing: (28, 5) , (28, 11) 
sandwich: (27, 0) , (27, 7) 
hotel: (10, 2) , (10, 6) 
intense: (4, 0) , (4, 6) 
gnikcab: (7, 7) , (7, 13) 
relevance: (3, 0) , (3, 8) 
margaid: (0, 2) , (0, 8) 
mouse: (18, 12) , (18, 16) 
deep: (11, 23) , (11, 26) 
city: (22, 0) , (25, 3) 
ecurb: (25, 22) , (29, 26) 
etius: (21, 6) , (25, 10) 
occupied: (13, 12) , (20, 19) 
knarf: (0, 16) , (4, 20) 
kroc: (0, 18) , (3, 21) 
election: (22, 6) , (29, 13) 
royalty: (9, 17) , (15, 23) 
seller: (1, 10) , (6, 15) 
sisponys: (11, 12) , (18, 19) 
pasta: (12, 18) , (16, 22) 
roommate: (19, 6) , (26, 13) 
diesel: (0, 8) , (5, 13) 
lists: (18, 22) , (22, 26) 
snel: (4, 15) , (7, 18) 
trid: (21, 7) , (24, 10) 
breaks: (2, 17) , (7, 22) 
dressing: (18, 6) , (25, 13) 
resistant: (16, 5) , (24, 13) 
playing: (12, 12) , (18, 18) 
therefore: (11, 18) , (19, 26) 
leehw: (23, 6) , (27, 10) 
niffirg: (1, 18) , (7, 24) 
flaheb: (14, 1) , (9, 6) 
bills: (16, 10) , (12, 14) 
anatomy: (8, 20) , (2, 26) 
elyts: (24, 14) , (20, 18) 
nomis: (23, 12) , (19, 16) 
gnitaks: (21, 1) , (15, 7) 
broadway: (9, 21) , (2, 28) 
malawi: (5, 10) , (0, 15) 
epols: (11, 0) , (7, 4) 
gnitae: (8, 24) , (3, 29) 
beside: (23, 24) , (18, 29) 
seattle: (8, 18) , (2, 24) 
guest: (6, 8) , (2, 12) 
ecaf: (24, 15) , (21, 18) 
noitaulav: (16, 0) , (8, 8) 
yrujni: (12, 21) , (7, 26) 
very: (28, 26) , (25, 29) 
panic: (29, 17) , (25, 21) 
radar: (10, 25) , (6, 29) 
bargain: (18, 10) , (12, 16) 
size: (28, 19) , (25, 22) 
juan: (5, 24) , (2, 27) 
alive: (26, 15) , (22, 19) 
letter: (28, 24) , (23, 29) 
dleiffehs: (8, 5) , (0, 13) 
income: (12, 10) , (7, 15) 
desselb: (14, 9) , (8, 15) 
hour: (20, 12) , (17, 15) 
0.6
---------- Word Grid ---------
c y p m u c o g v y p q e w i k x y i m m e d i a t e l y c 
o r e s n d l i u b k y a c e e s e n i o x b j f w l r p g 
n d t e m u s w x u j t f v n b u l m o y o c o h u e s w j 
f e a k m e a l y r e g r u s u m i o a l l r k s n r n h q 
u t b i z e o p l r k e g a t o o f d d l k c a r t a i t o 
s a e r b q q w a a s i o r i g i n a l l y g u s s p l v o 
e n r t w h f d n b c y i g s o u c n m e e t a d q p l n g 
d g m s a c e x o e j i l p q s p z a a u c v q h m a o b n 
c i b t o x i c i u i m r n h j m h l r e i n k b d m c c i 
h s c c r o l f g v d i s p o s i t i o n v n u s a g e z g 
a e i e t c t r e r n p u e d m p w c g g a i n o p p i n n 
i d t p v r e c r g o x r h m w m v d m l c d t e n o l n a 
n c o i z t o o s p c t b o i a o o y b z z e a c l n r a r 
s l x c n d u p a i i g c r b t i r c a e y t o s e l a k h 
p r e i e t u n s s m a c a u a t l t s e r e l a t f i m n 
z o w k d b a w a l k s n m r n b i k h f r c b l r n f m n 
q t s o u i e l q d d z i o t t e l n y i e t a l o a e e q 
u a o e p r a m e e w y j m o o n t y g n b c y f c w f g j 
u r c m w d w p e n d b e n u b i r t u d k u p u h d j x a 
s e m i n t e r a c t i o n y z b h l e i c c o e e f x g r 
r d a o r k c x x k e e m o r t g a g e n a t u n s p o s t 
x o h e m o d b p d e b d e l a s w e h g l w n q t h n w v 
g m a b m x l q i o b n k t g i w o o c r b e d u e o t i u 
t t t b i n s t r u m e n t a l f r b s d i d s r r u r u v 
t i o i t b o l h t h t j e y i s e k n r n i e t e t n t l 
p l l r p r d y t g p t h l h e d g m h b e s h y u e r z u 
w v u p i s t r h b i m y h p o s o l i h p e l e e u d z v 
g k h a s a a r t g m e e b t b j o l o z a p p k h q l y r 
l p l c v m i e y h l a h x t s p l b r s e l a n r e t x e 
y l e i s t n t e i m j n l e i s d v t r z a r f j z h u k 
immediately: (18, 0) , (28, 0) 
moon: (13, 17) , (16, 17) 
instrumental: (4, 23) , (15, 23) 
walks: (7, 15) , (11, 15) 
disposition: (10, 9) , (20, 9) 
lanretxe: (22, 28) , (29, 28) 
yregrus: (8, 3) , (14, 3) 
kcart: (21, 4) , (25, 4) 
yhposolihp: (12, 26) , (21, 26) 
mortgage: (12, 20) , (19, 20) 
post: (26, 20) , (29, 20) 
interaction: (3, 19) , (13, 19) 
originally: (12, 5) , (21, 5) 
egatoof: (11, 4) , (17, 4) 
usage: (23, 9) , (27, 9) 
dliub: (5, 1) , (9, 1) 
enubirt: (12, 18) , (18, 18) 
toxic: (3, 8) , (7, 8) 
rochester: (25, 15) , (25, 23) 
yrrebkcalb: (21, 13) , (21, 22) 
lerappa: (26, 1) , (26, 7) 
gnignar: (29, 6) , (29, 12) 
edis: (22, 22) , (22, 25) 
yrret: (7, 25) , (7, 29) 
epic: (3, 10) , (3, 13) 
bird: (5, 15) , (5, 18) 
sekirts: (3, 1) , (3, 7) 
rotaredom: (1, 14) , (1, 22) 
snilloc: (27, 2) , (27, 8) 
elif: (17, 1) , (17, 4) 
detect: (22, 11) , (22, 16) 
detangised: (1, 2) , (1, 11) 
finding: (20, 15) , (20, 21) 
etaber: (2, 1) , (2, 6) 
citoxe: (2, 9) , (2, 14) 
lanoiger: (8, 4) , (8, 11) 
pounds: (23, 18) , (23, 23) 
confused: (0, 0) , (0, 7) 
chains: (0, 8) , (0, 13) 
evitceffe: (20, 8) , (28, 16) 
tips: (2, 23) , (5, 26) 
piano: (9, 12) , (13, 16) 
muinnellim: (19, 6) , (28, 15) 
llac: (7, 3) , (10, 6) 
hitting: (13, 11) , (19, 17) 
ylnommoc: (11, 6) , (18, 13) 
brunette: (12, 12) , (19, 19) 
talented: (5, 14) , (12, 21) 
worth: (15, 11) , (19, 15) 
probably: (11, 10) , (18, 17) 
tluav: (0, 24) , (4, 28) 
tpmexe: (9, 24) , (14, 29) 
sreep: (19, 23) , (23, 27) 
stnega: (24, 13) , (29, 18) 
ecnuonna: (12, 0) , (19, 7) 
thgieh: (7, 23) , (12, 28) 
pork: (25, 10) , (28, 13) 
ecnuonna: (20, 6) , (27, 13) 
trops: (4, 10) , (8, 14) 
life: (14, 21) , (17, 24) 
tilps: (0, 23) , (4, 27) 
rotcart: (9, 10) , (15, 16) 
ylper: (24, 25) , (20, 29) 
deksa: (5, 13) , (1, 17) 
virtue: (29, 21) , (24, 26) 
truh: (28, 24) , (25, 27) 
yadnus: (20, 2) , (15, 7) 
neek: (27, 24) , (24, 27) 
horse: (19, 21) , (15, 25) 
bold: (22, 1) , (19, 4) 
combo: (6, 20) , (2, 24) 
saving: (24, 5) , (19, 10) 
retniw: (7, 10) , (2, 15) 
iiiv: (12, 6) , (9, 9) 
editorial: (10, 20) , (2, 28) 
evresbo: (14, 1) , (8, 7) 
lack: (24, 15) , (21, 18) 
northeast: (27, 21) , (19, 29) 
treat: (5, 19) , (1, 23) 
usage: (25, 2) , (21, 6) 
bills: (20, 25) , (16, 29) 
onom: (29, 5) , (26, 8) 
water: (13, 0) , (9, 4) 
springs: (14, 6) , (8, 12) 
knalb: (23, 8) , (19, 12) 
here: (26, 21) , (23, 24) 
fork: (24, 1) , (21, 4) 
renrut: (27, 1) , (22, 6) 
outdoors: (7, 12) , (0, 19) 
trams: (8, 25) , (4, 29) 
deer: (10, 16) , (7, 19) 
{"code":100,"name":"Alice","message":null,"startCoords":[],"endCoords":[]}
]]></system-out>
    <system-err><![CDATA[SLF4J: No SLF4J providers were found.
SLF4J: Defaulting to no-operation (NOP) logger implementation
SLF4J: See https://www.slf4j.org/codes.html#noProviders for further details.
]]></system-err>
  </testcase>
</testsuite>